<?xml version="1.0" encoding="UTF-8"?>
<testsuite xmlns:xsi="http://www.w3.org/2001/XMLSchema-instance" xsi:noNamespaceSchemaLocation="https://maven.apache.org/surefire/maven-surefire-plugin/xsd/surefire-test-report.xsd" name="noughts.PlayTest" time="0.06" tests="25" errors="0" skipped="0" failures="0">
  <properties>
    <property name="awt.toolkit" value="sun.awt.X11.XToolkit"/>
    <property name="java.specification.version" value="11"/>
    <property name="sun.cpu.isalist" value=""/>
    <property name="sun.jnu.encoding" value="UTF-8"/>
    <property name="java.class.path" value="/home/codio/workspace/ca1/target/test-classes:/home/codio/workspace/ca1/target/classes:/home/codio/.m2/repository/org/junit/jupiter/junit-jupiter-engine/5.8.2/junit-jupiter-engine-5.8.2.jar:/home/codio/.m2/repository/org/junit/platform/junit-platform-engine/1.8.2/junit-platform-engine-1.8.2.jar:/home/codio/.m2/repository/org/opentest4j/opentest4j/1.2.0/opentest4j-1.2.0.jar:/home/codio/.m2/repository/org/junit/platform/junit-platform-commons/1.8.2/junit-platform-commons-1.8.2.jar:/home/codio/.m2/repository/org/junit/jupiter/junit-jupiter-api/5.8.2/junit-jupiter-api-5.8.2.jar:/home/codio/.m2/repository/org/apiguardian/apiguardian-api/1.1.2/apiguardian-api-1.1.2.jar:"/>
    <property name="java.vm.vendor" value="Azul Systems, Inc."/>
    <property name="sun.arch.data.model" value="64"/>
    <property name="java.vendor.url" value="http://www.azulsystems.com/"/>
    <property name="user.timezone" value=""/>
    <property name="java.vm.specification.version" value="11"/>
    <property name="os.name" value="Linux"/>
    <property name="sun.java.launcher" value="SUN_STANDARD"/>
    <property name="user.country" value="US"/>
    <property name="sun.boot.library.path" value="/usr/lib/jvm/zulu-11-amd64/lib"/>
    <property name="sun.java.command" value="/home/codio/workspace/ca1/target/surefire/surefirebooter15672828391176875772.jar /home/codio/workspace/ca1/target/surefire 2023-11-01T14-28-16_210-jvmRun1 surefire1108697823531324144tmp surefire_010137126136649452956tmp"/>
    <property name="jdk.debug" value="release"/>
    <property name="surefire.test.class.path" value="/home/codio/workspace/ca1/target/test-classes:/home/codio/workspace/ca1/target/classes:/home/codio/.m2/repository/org/junit/jupiter/junit-jupiter-engine/5.8.2/junit-jupiter-engine-5.8.2.jar:/home/codio/.m2/repository/org/junit/platform/junit-platform-engine/1.8.2/junit-platform-engine-1.8.2.jar:/home/codio/.m2/repository/org/opentest4j/opentest4j/1.2.0/opentest4j-1.2.0.jar:/home/codio/.m2/repository/org/junit/platform/junit-platform-commons/1.8.2/junit-platform-commons-1.8.2.jar:/home/codio/.m2/repository/org/junit/jupiter/junit-jupiter-api/5.8.2/junit-jupiter-api-5.8.2.jar:/home/codio/.m2/repository/org/apiguardian/apiguardian-api/1.1.2/apiguardian-api-1.1.2.jar:"/>
    <property name="sun.cpu.endian" value="little"/>
    <property name="user.home" value="/home/codio"/>
    <property name="user.language" value="en"/>
    <property name="java.specification.vendor" value="Oracle Corporation"/>
    <property name="java.version.date" value="2020-07-14"/>
    <property name="java.home" value="/usr/lib/jvm/zulu-11-amd64"/>
    <property name="file.separator" value="/"/>
    <property name="basedir" value="/home/codio/workspace/ca1"/>
    <property name="java.vm.compressedOopsMode" value="32-bit"/>
    <property name="line.separator" value="&#10;"/>
    <property name="java.specification.name" value="Java Platform API Specification"/>
    <property name="java.vm.specification.vendor" value="Oracle Corporation"/>
    <property name="jdk.vendor.version" value="Zulu11.41+23-CA"/>
    <property name="java.awt.graphicsenv" value="sun.awt.X11GraphicsEnvironment"/>
    <property name="surefire.real.class.path" value="/home/codio/workspace/ca1/target/surefire/surefirebooter15672828391176875772.jar"/>
    <property name="sun.management.compiler" value="HotSpot 64-Bit Tiered Compilers"/>
    <property name="java.runtime.version" value="11.0.8+10-LTS"/>
    <property name="user.name" value="codio"/>
    <property name="path.separator" value=":"/>
    <property name="os.version" value="6.2.0-1012-aws"/>
    <property name="java.runtime.name" value="OpenJDK Runtime Environment"/>
    <property name="file.encoding" value="UTF-8"/>
    <property name="java.vm.name" value="OpenJDK 64-Bit Server VM"/>
    <property name="java.vendor.version" value="Zulu11.41+23-CA"/>
    <property name="localRepository" value="/home/codio/.m2/repository"/>
    <property name="java.vendor.url.bug" value="http://www.azulsystems.com/support/"/>
    <property name="java.io.tmpdir" value="/tmp"/>
    <property name="java.version" value="11.0.8"/>
    <property name="user.dir" value="/home/codio/workspace/ca1"/>
    <property name="os.arch" value="amd64"/>
    <property name="java.vm.specification.name" value="Java Virtual Machine Specification"/>
    <property name="java.awt.printerjob" value="sun.print.PSPrinterJob"/>
    <property name="sun.os.patch.level" value="unknown"/>
    <property name="java.library.path" value="/usr/java/packages/lib:/usr/lib64:/lib64:/lib:/usr/lib"/>
    <property name="java.vm.info" value="mixed mode"/>
    <property name="java.vendor" value="Azul Systems, Inc."/>
    <property name="java.vm.version" value="11.0.8+10-LTS"/>
    <property name="sun.io.unicode.encoding" value="UnicodeLittle"/>
    <property name="java.class.version" value="55.0"/>
  </properties>
  <testcase name="computer_completes_instead_of_blocking_1" classname="noughts.PlayTest" time="0.026"/>
  <testcase name="computer_completes_instead_of_blocking_2" classname="noughts.PlayTest" time="0.001"/>
  <testcase name="computer_moves_on_empty_board" classname="noughts.PlayTest" time="0"/>
  <testcase name="list_from_generateWincons_has_length_8" classname="noughts.PlayTest" time="0"/>
  <testcase name="computer_completes_with_two_wins_1" classname="noughts.PlayTest" time="0"/>
  <testcase name="computer_completes_with_two_wins_2" classname="noughts.PlayTest" time="0"/>
  <testcase name="check_for_tie_1" classname="noughts.PlayTest" time="0"/>
  <testcase name="check_for_tie_2" classname="noughts.PlayTest" time="0"/>
  <testcase name="computer_completes_1" classname="noughts.PlayTest" time="0.004"/>
  <testcase name="computer_completes_2" classname="noughts.PlayTest" time="0"/>
  <testcase name="list_from_generateWincons_has_elements_length_3" classname="noughts.PlayTest" time="0"/>
  <testcase name="computer_completes_and_blocks_1" classname="noughts.PlayTest" time="0"/>
  <testcase name="computer_completes_and_blocks_2" classname="noughts.PlayTest" time="0"/>
  <testcase name="sublists_in_generateWincons_have_correct_elements" classname="noughts.PlayTest" time="0.001"/>
  <testcase name="check_for_computer_win_1" classname="noughts.PlayTest" time="0"/>
  <testcase name="check_for_computer_win_2" classname="noughts.PlayTest" time="0.001"/>
  <testcase name="computer_blocks_player_mult_1" classname="noughts.PlayTest" time="0"/>
  <testcase name="computer_blocks_player_mult_2" classname="noughts.PlayTest" time="0"/>
  <testcase name="check_computer_win_initiated" classname="noughts.PlayTest" time="0.003"/>
  <testcase name="computer_blocks_player_1" classname="noughts.PlayTest" time="0.001"/>
  <testcase name="computer_blocks_player_2" classname="noughts.PlayTest" time="0"/>
  <testcase name="check_human_win_initiated" classname="noughts.PlayTest" time="0.001"/>
  <testcase name="check_for_human_win_1" classname="noughts.PlayTest" time="0.001"/>
  <testcase name="check_for_human_win_2" classname="noughts.PlayTest" time="0"/>
  <testcase name="check_no_win_initiated" classname="noughts.PlayTest" time="0"/>
</testsuite>